<?xml version="1.0" encoding="UTF-8"?>
<testng-results ignored="0" total="1" passed="1" failed="0" skipped="0">
  <reporter-output>
  </reporter-output>
  <suite started-at="2024-05-09T18:41:41 IST" name="Suite" finished-at="2024-05-09T18:41:54 IST" duration-ms="12514">
    <groups>
    </groups>
    <test started-at="2024-05-09T18:41:41 IST" name="Test" finished-at="2024-05-09T18:41:54 IST" duration-ms="12514">
      <class name="test.CommonTest">
        <test-method is-config="true" signature="launching()[pri:0, instance:test.CommonTest@1750fbeb]" started-at="2024-05-09T18:41:26 IST" name="launching" finished-at="2024-05-09T18:41:41 IST" duration-ms="14779" status="PASS">
          <reporter-output>
          </reporter-output>
        </test-method> <!-- launching -->
        <test-method signature="LoginActiTest()[pri:0, instance:test.CommonTest@1750fbeb]" started-at="2024-05-09T18:41:41 IST" name="LoginActiTest" finished-at="2024-05-09T18:41:54 IST" duration-ms="12448" status="PASS">
          <reporter-output>
          </reporter-output>
        </test-method> <!-- LoginActiTest -->
        <test-method is-config="true" signature="closure()[pri:0, instance:test.CommonTest@1750fbeb]" started-at="2024-05-09T18:41:54 IST" name="closure" finished-at="2024-05-09T18:41:54 IST" duration-ms="158" status="PASS">
          <reporter-output>
          </reporter-output>
        </test-method> <!-- closure -->
      </class> <!-- test.CommonTest -->
    </test> <!-- Test -->
  </suite> <!-- Suite -->
</testng-results>
