<?xml version="1.0" encoding="UTF-8"?>
<testng-results ignored="0" total="1" passed="1" failed="0" skipped="0">
  <reporter-output>
  </reporter-output>
  <suite started-at="2024-05-09T14:26:23 IST" name="Default suite" finished-at="2024-05-09T14:26:35 IST" duration-ms="11565">
    <groups>
    </groups>
    <test started-at="2024-05-09T14:26:23 IST" name="Default test" finished-at="2024-05-09T14:26:35 IST" duration-ms="11565">
      <class name="test.CommonTest">
        <test-method is-config="true" signature="launching()[pri:0, instance:test.CommonTest@5b247367]" started-at="2024-05-09T14:26:10 IST" name="launching" finished-at="2024-05-09T14:26:23 IST" duration-ms="13505" status="PASS">
          <reporter-output>
          </reporter-output>
        </test-method> <!-- launching -->
        <test-method signature="LoginActiTest()[pri:0, instance:test.CommonTest@5b247367]" started-at="2024-05-09T14:26:23 IST" name="LoginActiTest" finished-at="2024-05-09T14:26:35 IST" duration-ms="11434" status="PASS">
          <reporter-output>
          </reporter-output>
        </test-method> <!-- LoginActiTest -->
        <test-method is-config="true" signature="closure()[pri:0, instance:test.CommonTest@5b247367]" started-at="2024-05-09T14:26:35 IST" name="closure" finished-at="2024-05-09T14:26:35 IST" duration-ms="164" status="PASS">
          <reporter-output>
          </reporter-output>
        </test-method> <!-- closure -->
      </class> <!-- test.CommonTest -->
    </test> <!-- Default test -->
  </suite> <!-- Default suite -->
</testng-results>
